libtool: install: cp ./.libs/utils.so /vagrant_data/phalcon/sample/utils/ext/modules/utils.so
libtool: install: cp ./.libs/utils.lai /vagrant_data/phalcon/sample/utils/ext/modules/utils.la
libtool: finish: PATH="/home/vagrant/.pyenv/shims:/home/vagrant/.pyenv/bin:/home/vagrant/.pyenv/shims:/home/vagrant/.pyenv/bin:/home/vagrant/.nvm/versions/node/v9.3.0/bin:/usr/local/bin:/bin:/usr/bin:/usr/local/sbin:/usr/sbin:/sbin:/home/vagrant/.composer/vendor/bin:/home/vagrant/bin:/sbin" ldconfig -n /vagrant_data/phalcon/sample/utils/ext/modules
----------------------------------------------------------------------
Libraries have been installed in:
   /vagrant_data/phalcon/sample/utils/ext/modules

If you ever happen to want to link against installed libraries
in a given directory, LIBDIR, you must either use libtool, and
specify the full pathname of the library, or use the `-LLIBDIR'
flag during linking and do at least one of the following:
   - add LIBDIR to the `LD_LIBRARY_PATH' environment variable
     during execution
   - add LIBDIR to the `LD_RUN_PATH' environment variable
     during linking
   - use the `-Wl,-rpath -Wl,LIBDIR' linker flag
   - have your system administrator add LIBDIR to `/etc/ld.so.conf'

See any operating system documentation about shared libraries for
more information, such as the ld(1) and ld.so(8) manual pages.
----------------------------------------------------------------------

Build complete.
Don't forget to run 'make test'.


Build complete.
Don't forget to run 'make test'.

Installing shared extensions:     /usr/lib64/php/modules/
Installing header files:          /usr/include/php/
